<object-stream>
<org.drools.core.audit.WorkingMemoryLog>
  <version>6.1</version>
  <events>
    <org.drools.core.audit.event.ObjectLogEvent>
      <type>1</type>
      <factId>1</factId>
      <objectToString>Room name = kitchen</objectToString>
    </org.drools.core.audit.event.ObjectLogEvent>
    <org.drools.core.audit.event.ObjectLogEvent>
      <type>1</type>
      <factId>2</factId>
      <objectToString>Room name = salon</objectToString>
    </org.drools.core.audit.event.ObjectLogEvent>
    <org.drools.core.audit.event.ObjectLogEvent>
      <type>1</type>
      <factId>3</factId>
      <objectToString>Sprinkler on : false, room: Room name = kitchen</objectToString>
    </org.drools.core.audit.event.ObjectLogEvent>
    <org.drools.core.audit.event.ObjectLogEvent>
      <type>1</type>
      <factId>4</factId>
      <objectToString>Sprinkler on : false, room: Room name = salon</objectToString>
    </org.drools.core.audit.event.ObjectLogEvent>
    <org.drools.core.audit.event.ObjectLogEvent>
      <type>1</type>
      <factId>5</factId>
      <objectToString>Fire in room : Room name = kitchen</objectToString>
    </org.drools.core.audit.event.ObjectLogEvent>
    <org.drools.core.audit.event.ObjectLogEvent>
      <type>1</type>
      <factId>6</factId>
      <objectToString>Fire in room : Room name = salon</objectToString>
    </org.drools.core.audit.event.ObjectLogEvent>
    <org.drools.core.audit.event.ActivationLogEvent>
      <type>4</type>
      <activationId>always panic object [0]</activationId>
      <rule>always panic object</rule>
      <declarations></declarations>
      <factHandleIds>0</factHandleIds>
    </org.drools.core.audit.event.ActivationLogEvent>
    <org.drools.core.audit.event.ActivationLogEvent>
      <type>6</type>
      <activationId>always panic object [0]</activationId>
      <rule>always panic object</rule>
      <declarations></declarations>
      <factHandleIds>0</factHandleIds>
    </org.drools.core.audit.event.ActivationLogEvent>
    <org.drools.core.audit.event.ObjectLogEvent>
      <type>1</type>
      <factId>7</factId>
      <objectToString>PanicMode( on=false )</objectToString>
    </org.drools.core.audit.event.ObjectLogEvent>
    <org.drools.core.audit.event.ActivationLogEvent>
      <type>7</type>
      <activationId>always panic object [0]</activationId>
      <rule>always panic object</rule>
      <declarations></declarations>
      <factHandleIds>0</factHandleIds>
    </org.drools.core.audit.event.ActivationLogEvent>
    <org.drools.core.audit.event.ActivationLogEvent>
      <type>4</type>
      <activationId>raise an alarm [0]</activationId>
      <rule>raise an alarm</rule>
      <declarations></declarations>
      <factHandleIds>6,0</factHandleIds>
    </org.drools.core.audit.event.ActivationLogEvent>
    <org.drools.core.audit.event.ActivationLogEvent>
      <type>6</type>
      <activationId>raise an alarm [0]</activationId>
      <rule>raise an alarm</rule>
      <declarations></declarations>
      <factHandleIds>6,0</factHandleIds>
    </org.drools.core.audit.event.ActivationLogEvent>
    <org.drools.core.audit.event.ObjectLogEvent>
      <type>1</type>
      <factId>10</factId>
      <objectToString>org.formation.model.stateful.Alarm@bece9b5</objectToString>
    </org.drools.core.audit.event.ObjectLogEvent>
    <org.drools.core.audit.event.ActivationLogEvent>
      <type>7</type>
      <activationId>raise an alarm [0]</activationId>
      <rule>raise an alarm</rule>
      <declarations></declarations>
      <factHandleIds>6,0</factHandleIds>
    </org.drools.core.audit.event.ActivationLogEvent>
    <org.drools.core.audit.event.ActivationLogEvent>
      <type>4</type>
      <activationId>send Sms [10]</activationId>
      <rule>send Sms</rule>
      <declarations>$a=org.formation.model.stateful.Alarm@bece9b5</declarations>
      <factHandleIds>10</factHandleIds>
    </org.drools.core.audit.event.ActivationLogEvent>
    <org.drools.core.audit.event.ActivationLogEvent>
      <type>6</type>
      <activationId>send Sms [10]</activationId>
      <rule>send Sms</rule>
      <declarations>$a=org.formation.model.stateful.Alarm@bece9b5</declarations>
      <factHandleIds>10</factHandleIds>
    </org.drools.core.audit.event.ActivationLogEvent>
    <org.drools.core.audit.event.ActivationLogEvent>
      <type>7</type>
      <activationId>send Sms [10]</activationId>
      <rule>send Sms</rule>
      <declarations>$a=org.formation.model.stateful.Alarm@bece9b5</declarations>
      <factHandleIds>10</factHandleIds>
    </org.drools.core.audit.event.ActivationLogEvent>
    <org.drools.core.audit.event.ActivationLogEvent>
      <type>4</type>
      <activationId>more than 1 fire is panic mode [0, 8, 7]</activationId>
      <rule>more than 1 fire is panic mode</rule>
      <declarations>$p=PanicMode( on=false ); $totalFire=2</declarations>
      <factHandleIds>7,0,8</factHandleIds>
    </org.drools.core.audit.event.ActivationLogEvent>
    <org.drools.core.audit.event.ActivationLogEvent>
      <type>6</type>
      <activationId>more than 1 fire is panic mode [0, 8, 7]</activationId>
      <rule>more than 1 fire is panic mode</rule>
      <declarations>$p=PanicMode( on=false ); $totalFire=2</declarations>
      <factHandleIds>7,0,8</factHandleIds>
    </org.drools.core.audit.event.ActivationLogEvent>
    <org.drools.core.audit.event.ObjectLogEvent>
      <type>2</type>
      <factId>7</factId>
      <objectToString>PanicMode( on=true )</objectToString>
    </org.drools.core.audit.event.ObjectLogEvent>
    <org.drools.core.audit.event.ActivationLogEvent>
      <type>7</type>
      <activationId>more than 1 fire is panic mode [0, 8, 7]</activationId>
      <rule>more than 1 fire is panic mode</rule>
      <declarations>$p=PanicMode( on=true ); $totalFire=2</declarations>
      <factHandleIds>7,0,8</factHandleIds>
    </org.drools.core.audit.event.ActivationLogEvent>
    <org.drools.core.audit.event.ActivationLogEvent>
      <type>4</type>
      <activationId>Set all sprinkler on [4]</activationId>
      <rule>Set all sprinkler on</rule>
      <declarations>$sp=Sprinkler on : false, room: Room name = salon</declarations>
      <factHandleIds>4</factHandleIds>
    </org.drools.core.audit.event.ActivationLogEvent>
    <org.drools.core.audit.event.ActivationLogEvent>
      <type>4</type>
      <activationId>Set all sprinkler on [3]</activationId>
      <rule>Set all sprinkler on</rule>
      <declarations>$sp=Sprinkler on : false, room: Room name = kitchen</declarations>
      <factHandleIds>3</factHandleIds>
    </org.drools.core.audit.event.ActivationLogEvent>
    <org.drools.core.audit.event.ActivationLogEvent>
      <type>6</type>
      <activationId>Set all sprinkler on [4]</activationId>
      <rule>Set all sprinkler on</rule>
      <declarations>$sp=Sprinkler on : false, room: Room name = salon</declarations>
      <factHandleIds>4</factHandleIds>
    </org.drools.core.audit.event.ActivationLogEvent>
    <org.drools.core.audit.event.ObjectLogEvent>
      <type>2</type>
      <factId>4</factId>
      <objectToString>Sprinkler on : true, room: Room name = salon</objectToString>
    </org.drools.core.audit.event.ObjectLogEvent>
    <org.drools.core.audit.event.ActivationLogEvent>
      <type>7</type>
      <activationId>Set all sprinkler on [4]</activationId>
      <rule>Set all sprinkler on</rule>
      <declarations>$sp=Sprinkler on : true, room: Room name = salon</declarations>
      <factHandleIds>4</factHandleIds>
    </org.drools.core.audit.event.ActivationLogEvent>
    <org.drools.core.audit.event.ActivationLogEvent>
      <type>6</type>
      <activationId>Set all sprinkler on [3]</activationId>
      <rule>Set all sprinkler on</rule>
      <declarations>$sp=Sprinkler on : false, room: Room name = kitchen</declarations>
      <factHandleIds>3</factHandleIds>
    </org.drools.core.audit.event.ActivationLogEvent>
    <org.drools.core.audit.event.ObjectLogEvent>
      <type>2</type>
      <factId>3</factId>
      <objectToString>Sprinkler on : true, room: Room name = kitchen</objectToString>
    </org.drools.core.audit.event.ObjectLogEvent>
    <org.drools.core.audit.event.ActivationLogEvent>
      <type>7</type>
      <activationId>Set all sprinkler on [3]</activationId>
      <rule>Set all sprinkler on</rule>
      <declarations>$sp=Sprinkler on : true, room: Room name = kitchen</declarations>
      <factHandleIds>3</factHandleIds>
    </org.drools.core.audit.event.ActivationLogEvent>
    <org.drools.core.audit.event.ActivationLogEvent>
      <type>4</type>
      <activationId>general evacuation [0]</activationId>
      <rule>general evacuation</rule>
      <declarations></declarations>
      <factHandleIds>0</factHandleIds>
    </org.drools.core.audit.event.ActivationLogEvent>
    <org.drools.core.audit.event.ActivationLogEvent>
      <type>6</type>
      <activationId>general evacuation [0]</activationId>
      <rule>general evacuation</rule>
      <declarations></declarations>
      <factHandleIds>0</factHandleIds>
    </org.drools.core.audit.event.ActivationLogEvent>
    <org.drools.core.audit.event.ActivationLogEvent>
      <type>7</type>
      <activationId>general evacuation [0]</activationId>
      <rule>general evacuation</rule>
      <declarations></declarations>
      <factHandleIds>0</factHandleIds>
    </org.drools.core.audit.event.ActivationLogEvent>
    <org.drools.core.audit.event.ActivationLogEvent>
      <type>4</type>
      <activationId>send Sms [10]</activationId>
      <rule>send Sms</rule>
      <declarations>$a=org.formation.model.stateful.Alarm@bece9b5</declarations>
      <factHandleIds>10</factHandleIds>
    </org.drools.core.audit.event.ActivationLogEvent>
    <org.drools.core.audit.event.ActivationLogEvent>
      <type>6</type>
      <activationId>send Sms [10]</activationId>
      <rule>send Sms</rule>
      <declarations>$a=org.formation.model.stateful.Alarm@bece9b5</declarations>
      <factHandleIds>10</factHandleIds>
    </org.drools.core.audit.event.ActivationLogEvent>
    <org.drools.core.audit.event.ActivationLogEvent>
      <type>7</type>
      <activationId>send Sms [10]</activationId>
      <rule>send Sms</rule>
      <declarations>$a=org.formation.model.stateful.Alarm@bece9b5</declarations>
      <factHandleIds>10</factHandleIds>
    </org.drools.core.audit.event.ActivationLogEvent>
    <org.drools.core.audit.event.ActivationLogEvent>
      <type>4</type>
      <activationId>more than 1 fire is panic mode [0, 8, 7]</activationId>
      <rule>more than 1 fire is panic mode</rule>
      <declarations>$p=PanicMode( on=true ); $totalFire=2</declarations>
      <factHandleIds>7,0,8</factHandleIds>
    </org.drools.core.audit.event.ActivationLogEvent>
    <org.drools.core.audit.event.ActivationLogEvent>
      <type>6</type>
      <activationId>more than 1 fire is panic mode [0, 8, 7]</activationId>
      <rule>more than 1 fire is panic mode</rule>
      <declarations>$p=PanicMode( on=true ); $totalFire=2</declarations>
      <factHandleIds>7,0,8</factHandleIds>
    </org.drools.core.audit.event.ActivationLogEvent>
    <org.drools.core.audit.event.ObjectLogEvent>
      <type>2</type>
      <factId>7</factId>
      <objectToString>PanicMode( on=true )</objectToString>
    </org.drools.core.audit.event.ObjectLogEvent>
    <org.drools.core.audit.event.ActivationLogEvent>
      <type>7</type>
      <activationId>more than 1 fire is panic mode [0, 8, 7]</activationId>
      <rule>more than 1 fire is panic mode</rule>
      <declarations>$p=PanicMode( on=true ); $totalFire=2</declarations>
      <factHandleIds>7,0,8</factHandleIds>
    </org.drools.core.audit.event.ActivationLogEvent>
    <org.drools.core.audit.event.ObjectLogEvent>
      <type>3</type>
      <factId>5</factId>
      <objectToString>Fire in room : Room name = kitchen</objectToString>
    </org.drools.core.audit.event.ObjectLogEvent>
    <org.drools.core.audit.event.ActivationLogEvent>
      <type>4</type>
      <activationId>less than 2 fires is normal mode [0, 9, 7]</activationId>
      <rule>less than 2 fires is normal mode</rule>
      <declarations>$p=PanicMode( on=true ); $totalFire=1</declarations>
      <factHandleIds>7,0,9</factHandleIds>
    </org.drools.core.audit.event.ActivationLogEvent>
    <org.drools.core.audit.event.ActivationLogEvent>
      <type>6</type>
      <activationId>less than 2 fires is normal mode [0, 9, 7]</activationId>
      <rule>less than 2 fires is normal mode</rule>
      <declarations>$p=PanicMode( on=true ); $totalFire=1</declarations>
      <factHandleIds>7,0,9</factHandleIds>
    </org.drools.core.audit.event.ActivationLogEvent>
    <org.drools.core.audit.event.ObjectLogEvent>
      <type>2</type>
      <factId>7</factId>
      <objectToString>PanicMode( on=false )</objectToString>
    </org.drools.core.audit.event.ObjectLogEvent>
    <org.drools.core.audit.event.ActivationLogEvent>
      <type>7</type>
      <activationId>less than 2 fires is normal mode [0, 9, 7]</activationId>
      <rule>less than 2 fires is normal mode</rule>
      <declarations>$p=PanicMode( on=false ); $totalFire=1</declarations>
      <factHandleIds>7,0,9</factHandleIds>
    </org.drools.core.audit.event.ActivationLogEvent>
    <org.drools.core.audit.event.ActivationLogEvent>
      <type>4</type>
      <activationId>turn off sprinkler [1, 3]</activationId>
      <rule>turn off sprinkler</rule>
      <declarations>$room=Room name = kitchen; $sprinkler=Sprinkler on : true, room: Room name = kitchen</declarations>
      <factHandleIds>3,1</factHandleIds>
    </org.drools.core.audit.event.ActivationLogEvent>
    <org.drools.core.audit.event.ActivationLogEvent>
      <type>6</type>
      <activationId>turn off sprinkler [1, 3]</activationId>
      <rule>turn off sprinkler</rule>
      <declarations>$room=Room name = kitchen; $sprinkler=Sprinkler on : true, room: Room name = kitchen</declarations>
      <factHandleIds>3,1</factHandleIds>
    </org.drools.core.audit.event.ActivationLogEvent>
    <org.drools.core.audit.event.ObjectLogEvent>
      <type>2</type>
      <factId>3</factId>
      <objectToString>Sprinkler on : false, room: Room name = kitchen</objectToString>
    </org.drools.core.audit.event.ObjectLogEvent>
    <org.drools.core.audit.event.ActivationLogEvent>
      <type>7</type>
      <activationId>turn off sprinkler [1, 3]</activationId>
      <rule>turn off sprinkler</rule>
      <declarations>$room=Room name = kitchen; $sprinkler=Sprinkler on : false, room: Room name = kitchen</declarations>
      <factHandleIds>3,1</factHandleIds>
    </org.drools.core.audit.event.ActivationLogEvent>
    <org.drools.core.audit.event.ActivationLogEvent>
      <type>4</type>
      <activationId>send Sms [10]</activationId>
      <rule>send Sms</rule>
      <declarations>$a=org.formation.model.stateful.Alarm@bece9b5</declarations>
      <factHandleIds>10</factHandleIds>
    </org.drools.core.audit.event.ActivationLogEvent>
    <org.drools.core.audit.event.ActivationLogEvent>
      <type>6</type>
      <activationId>send Sms [10]</activationId>
      <rule>send Sms</rule>
      <declarations>$a=org.formation.model.stateful.Alarm@bece9b5</declarations>
      <factHandleIds>10</factHandleIds>
    </org.drools.core.audit.event.ActivationLogEvent>
    <org.drools.core.audit.event.ActivationLogEvent>
      <type>7</type>
      <activationId>send Sms [10]</activationId>
      <rule>send Sms</rule>
      <declarations>$a=org.formation.model.stateful.Alarm@bece9b5</declarations>
      <factHandleIds>10</factHandleIds>
    </org.drools.core.audit.event.ActivationLogEvent>
    <org.drools.core.audit.event.ActivationLogEvent>
      <type>4</type>
      <activationId>less than 2 fires is normal mode [0, 9, 7]</activationId>
      <rule>less than 2 fires is normal mode</rule>
      <declarations>$p=PanicMode( on=false ); $totalFire=1</declarations>
      <factHandleIds>7,0,9</factHandleIds>
    </org.drools.core.audit.event.ActivationLogEvent>
    <org.drools.core.audit.event.ActivationLogEvent>
      <type>6</type>
      <activationId>less than 2 fires is normal mode [0, 9, 7]</activationId>
      <rule>less than 2 fires is normal mode</rule>
      <declarations>$p=PanicMode( on=false ); $totalFire=1</declarations>
      <factHandleIds>7,0,9</factHandleIds>
    </org.drools.core.audit.event.ActivationLogEvent>
    <org.drools.core.audit.event.ObjectLogEvent>
      <type>2</type>
      <factId>7</factId>
      <objectToString>PanicMode( on=false )</objectToString>
    </org.drools.core.audit.event.ObjectLogEvent>
    <org.drools.core.audit.event.ActivationLogEvent>
      <type>7</type>
      <activationId>less than 2 fires is normal mode [0, 9, 7]</activationId>
      <rule>less than 2 fires is normal mode</rule>
      <declarations>$p=PanicMode( on=false ); $totalFire=1</declarations>
      <factHandleIds>7,0,9</factHandleIds>
    </org.drools.core.audit.event.ActivationLogEvent>
    <org.drools.core.audit.event.ActivationLogEvent>
      <type>4</type>
      <activationId>send Sms [10]</activationId>
      <rule>send Sms</rule>
      <declarations>$a=org.formation.model.stateful.Alarm@bece9b5</declarations>
      <factHandleIds>10</factHandleIds>
    </org.drools.core.audit.event.ActivationLogEvent>
    <org.drools.core.audit.event.ActivationLogEvent>
      <type>6</type>
      <activationId>send Sms [10]</activationId>
      <rule>send Sms</rule>
      <declarations>$a=org.formation.model.stateful.Alarm@bece9b5</declarations>
      <factHandleIds>10</factHandleIds>
    </org.drools.core.audit.event.ActivationLogEvent>
    <org.drools.core.audit.event.ActivationLogEvent>
      <type>7</type>
      <activationId>send Sms [10]</activationId>
      <rule>send Sms</rule>
      <declarations>$a=org.formation.model.stateful.Alarm@bece9b5</declarations>
      <factHandleIds>10</factHandleIds>
    </org.drools.core.audit.event.ActivationLogEvent>
    <org.drools.core.audit.event.ActivationLogEvent>
      <type>4</type>
      <activationId>less than 2 fires is normal mode [0, 9, 7]</activationId>
      <rule>less than 2 fires is normal mode</rule>
      <declarations>$p=PanicMode( on=false ); $totalFire=1</declarations>
      <factHandleIds>7,0,9</factHandleIds>
    </org.drools.core.audit.event.ActivationLogEvent>
    <org.drools.core.audit.event.ActivationLogEvent>
      <type>6</type>
      <activationId>less than 2 fires is normal mode [0, 9, 7]</activationId>
      <rule>less than 2 fires is normal mode</rule>
      <declarations>$p=PanicMode( on=false ); $totalFire=1</declarations>
      <factHandleIds>7,0,9</factHandleIds>
    </org.drools.core.audit.event.ActivationLogEvent>
    <org.drools.core.audit.event.ObjectLogEvent>
      <type>2</type>
      <factId>7</factId>
      <objectToString>PanicMode( on=false )</objectToString>
    </org.drools.core.audit.event.ObjectLogEvent>
    <org.drools.core.audit.event.ActivationLogEvent>
      <type>7</type>
      <activationId>less than 2 fires is normal mode [0, 9, 7]</activationId>
      <rule>less than 2 fires is normal mode</rule>
      <declarations>$p=PanicMode( on=false ); $totalFire=1</declarations>
      <factHandleIds>7,0,9</factHandleIds>
    </org.drools.core.audit.event.ActivationLogEvent>
  </events>
  <engine>PHREAK</engine>
</org.drools.core.audit.WorkingMemoryLog>
</object-stream>
