<object-stream>
<org.drools.core.audit.WorkingMemoryLog>
  <version>6.1</version>
  <events>
    <org.drools.core.audit.event.ObjectLogEvent>
      <type>1</type>
      <factId>1</factId>
      <objectToString>Room name = kitchen</objectToString>
    </org.drools.core.audit.event.ObjectLogEvent>
    <org.drools.core.audit.event.ObjectLogEvent>
      <type>1</type>
      <factId>2</factId>
      <objectToString>Room name = salon</objectToString>
    </org.drools.core.audit.event.ObjectLogEvent>
    <org.drools.core.audit.event.ObjectLogEvent>
      <type>1</type>
      <factId>3</factId>
      <objectToString>Sprinkler on : false, room: Room name = kitchen</objectToString>
    </org.drools.core.audit.event.ObjectLogEvent>
    <org.drools.core.audit.event.ObjectLogEvent>
      <type>1</type>
      <factId>4</factId>
      <objectToString>Sprinkler on : false, room: Room name = salon</objectToString>
    </org.drools.core.audit.event.ObjectLogEvent>
    <org.drools.core.audit.event.ObjectLogEvent>
      <type>1</type>
      <factId>5</factId>
      <objectToString>Fire in room : Room name = kitchen</objectToString>
    </org.drools.core.audit.event.ObjectLogEvent>
    <org.drools.core.audit.event.ActivationLogEvent>
      <type>4</type>
      <activationId>no fire [0]</activationId>
      <rule>no fire</rule>
      <declarations></declarations>
      <factHandleIds>0</factHandleIds>
    </org.drools.core.audit.event.ActivationLogEvent>
    <org.drools.core.audit.event.ActivationLogEvent>
      <type>6</type>
      <activationId>no fire [0]</activationId>
      <rule>no fire</rule>
      <declarations></declarations>
      <factHandleIds>0</factHandleIds>
    </org.drools.core.audit.event.ActivationLogEvent>
    <org.drools.core.audit.event.ActivationLogEvent>
      <type>7</type>
      <activationId>no fire [0]</activationId>
      <rule>no fire</rule>
      <declarations></declarations>
      <factHandleIds>0</factHandleIds>
    </org.drools.core.audit.event.ActivationLogEvent>
    <org.drools.core.audit.event.ActivationLogEvent>
      <type>4</type>
      <activationId>raise alarm [0]</activationId>
      <rule>raise alarm</rule>
      <declarations></declarations>
      <factHandleIds>5,0</factHandleIds>
    </org.drools.core.audit.event.ActivationLogEvent>
    <org.drools.core.audit.event.ActivationLogEvent>
      <type>6</type>
      <activationId>raise alarm [0]</activationId>
      <rule>raise alarm</rule>
      <declarations></declarations>
      <factHandleIds>5,0</factHandleIds>
    </org.drools.core.audit.event.ActivationLogEvent>
    <org.drools.core.audit.event.ObjectLogEvent>
      <type>1</type>
      <factId>6</factId>
      <objectToString>org.formation.model.stateful.Alarm@2094fc14</objectToString>
    </org.drools.core.audit.event.ObjectLogEvent>
    <org.drools.core.audit.event.ActivationLogEvent>
      <type>7</type>
      <activationId>raise alarm [0]</activationId>
      <rule>raise alarm</rule>
      <declarations></declarations>
      <factHandleIds>5,0</factHandleIds>
    </org.drools.core.audit.event.ActivationLogEvent>
    <org.drools.core.audit.event.ActivationLogEvent>
      <type>4</type>
      <activationId>turn on sprinkler [5, 3]</activationId>
      <rule>turn on sprinkler</rule>
      <declarations>$sprinkler=Sprinkler on : false, room: Room name = kitchen; $room=Room name = kitchen</declarations>
      <factHandleIds>5,3</factHandleIds>
    </org.drools.core.audit.event.ActivationLogEvent>
    <org.drools.core.audit.event.ActivationLogEvent>
      <type>6</type>
      <activationId>turn on sprinkler [5, 3]</activationId>
      <rule>turn on sprinkler</rule>
      <declarations>$sprinkler=Sprinkler on : false, room: Room name = kitchen; $room=Room name = kitchen</declarations>
      <factHandleIds>5,3</factHandleIds>
    </org.drools.core.audit.event.ActivationLogEvent>
    <org.drools.core.audit.event.ObjectLogEvent>
      <type>2</type>
      <factId>3</factId>
      <objectToString>Sprinkler on : true, room: Room name = kitchen</objectToString>
    </org.drools.core.audit.event.ObjectLogEvent>
    <org.drools.core.audit.event.ActivationLogEvent>
      <type>7</type>
      <activationId>turn on sprinkler [5, 3]</activationId>
      <rule>turn on sprinkler</rule>
      <declarations>$sprinkler=Sprinkler on : true, room: Room name = kitchen; $room=Room name = kitchen</declarations>
      <factHandleIds>5,3</factHandleIds>
    </org.drools.core.audit.event.ActivationLogEvent>
  </events>
</org.drools.core.audit.WorkingMemoryLog>
</object-stream>
