<object-stream>
<org.drools.core.audit.WorkingMemoryLog>
  <version>6.1</version>
  <events>
    <org.drools.core.audit.event.ObjectLogEvent>
      <type>1</type>
      <factId>1</factId>
      <objectToString>org.formation.model.stateless.Conducteur@66971f6b</objectToString>
    </org.drools.core.audit.event.ObjectLogEvent>
    <org.drools.core.audit.event.ObjectLogEvent>
      <type>1</type>
      <factId>2</factId>
      <objectToString>org.formation.model.stateless.Assurance@cf65451</objectToString>
    </org.drools.core.audit.event.ObjectLogEvent>
    <org.drools.core.audit.event.ActivationLogEvent>
      <type>4</type>
      <activationId>no fire [0]</activationId>
      <rule>no fire</rule>
      <declarations></declarations>
      <factHandleIds>0</factHandleIds>
    </org.drools.core.audit.event.ActivationLogEvent>
    <org.drools.core.audit.event.ActivationLogEvent>
      <type>6</type>
      <activationId>no fire [0]</activationId>
      <rule>no fire</rule>
      <declarations></declarations>
      <factHandleIds>0</factHandleIds>
    </org.drools.core.audit.event.ActivationLogEvent>
    <org.drools.core.audit.event.ActivationLogEvent>
      <type>7</type>
      <activationId>no fire [0]</activationId>
      <rule>no fire</rule>
      <declarations></declarations>
      <factHandleIds>0</factHandleIds>
    </org.drools.core.audit.event.ActivationLogEvent>
    <org.drools.core.audit.event.ActivationLogEvent>
      <type>4</type>
      <activationId>conducteur entre 18 et 25 ans [1, 2]</activationId>
      <rule>conducteur entre 18 et 25 ans</rule>
      <declarations>$a=org.formation.model.stateless.Assurance@cf65451</declarations>
      <factHandleIds>2,1</factHandleIds>
    </org.drools.core.audit.event.ActivationLogEvent>
    <org.drools.core.audit.event.ActivationLogEvent>
      <type>6</type>
      <activationId>conducteur entre 18 et 25 ans [1, 2]</activationId>
      <rule>conducteur entre 18 et 25 ans</rule>
      <declarations>$a=org.formation.model.stateless.Assurance@cf65451</declarations>
      <factHandleIds>2,1</factHandleIds>
    </org.drools.core.audit.event.ActivationLogEvent>
    <org.drools.core.audit.event.ActivationLogEvent>
      <type>7</type>
      <activationId>conducteur entre 18 et 25 ans [1, 2]</activationId>
      <rule>conducteur entre 18 et 25 ans</rule>
      <declarations>$a=org.formation.model.stateless.Assurance@cf65451</declarations>
      <factHandleIds>2,1</factHandleIds>
    </org.drools.core.audit.event.ActivationLogEvent>
    <org.drools.core.audit.event.ActivationLogEvent>
      <type>4</type>
      <activationId>conducteur a 5 ans d&apos;ancienteté [1, 2]</activationId>
      <rule>conducteur a 5 ans d&apos;ancienteté</rule>
      <declarations>$a=org.formation.model.stateless.Assurance@cf65451</declarations>
      <factHandleIds>2,1</factHandleIds>
    </org.drools.core.audit.event.ActivationLogEvent>
    <org.drools.core.audit.event.ActivationLogEvent>
      <type>6</type>
      <activationId>conducteur a 5 ans d&apos;ancienteté [1, 2]</activationId>
      <rule>conducteur a 5 ans d&apos;ancienteté</rule>
      <declarations>$a=org.formation.model.stateless.Assurance@cf65451</declarations>
      <factHandleIds>2,1</factHandleIds>
    </org.drools.core.audit.event.ActivationLogEvent>
    <org.drools.core.audit.event.ActivationLogEvent>
      <type>7</type>
      <activationId>conducteur a 5 ans d&apos;ancienteté [1, 2]</activationId>
      <rule>conducteur a 5 ans d&apos;ancienteté</rule>
      <declarations>$a=org.formation.model.stateless.Assurance@cf65451</declarations>
      <factHandleIds>2,1</factHandleIds>
    </org.drools.core.audit.event.ActivationLogEvent>
    <org.drools.core.audit.event.ActivationLogEvent>
      <type>4</type>
      <activationId>malus de 5% par nombre d&apos;incident [1, 2]</activationId>
      <rule>malus de 5% par nombre d&apos;incident</rule>
      <declarations>$i=10; $a=org.formation.model.stateless.Assurance@cf65451</declarations>
      <factHandleIds>2,1</factHandleIds>
    </org.drools.core.audit.event.ActivationLogEvent>
    <org.drools.core.audit.event.ActivationLogEvent>
      <type>6</type>
      <activationId>malus de 5% par nombre d&apos;incident [1, 2]</activationId>
      <rule>malus de 5% par nombre d&apos;incident</rule>
      <declarations>$i=10; $a=org.formation.model.stateless.Assurance@cf65451</declarations>
      <factHandleIds>2,1</factHandleIds>
    </org.drools.core.audit.event.ActivationLogEvent>
    <org.drools.core.audit.event.ActivationLogEvent>
      <type>7</type>
      <activationId>malus de 5% par nombre d&apos;incident [1, 2]</activationId>
      <rule>malus de 5% par nombre d&apos;incident</rule>
      <declarations>$i=10; $a=org.formation.model.stateless.Assurance@cf65451</declarations>
      <factHandleIds>2,1</factHandleIds>
    </org.drools.core.audit.event.ActivationLogEvent>
  </events>
</org.drools.core.audit.WorkingMemoryLog>
</object-stream>
